2021-01-24 21:42:34,978 - mange_department.py[line:30] - INFO: url: https://qyapi.weixin.qq.com/cgi-bin/department/create
2021-01-24 21:42:34,981 - mange_department.py[line:31] - INFO: payload:  {'name': '北京研发中心', 'name_en': 'BJGZ', 'parentid': 1, 'order': 2, 'id': 2}
2021-01-24 21:42:35,565 - mange_department.py[line:30] - INFO: url: https://qyapi.weixin.qq.com/cgi-bin/department/create
2021-01-24 21:42:35,565 - mange_department.py[line:31] - INFO: payload:  {'name': '上海研发中心', 'name_en': 'SHGZ', 'parentid': 1, 'order': 3, 'id': 3}
2021-01-24 21:42:36,252 - mange_department.py[line:30] - INFO: url: https://qyapi.weixin.qq.com/cgi-bin/department/create
2021-01-24 21:42:36,252 - mange_department.py[line:31] - INFO: payload:  {'name': '', 'name_en': 'RDGZ', 'parentid': 1, 'order': 1, 'id': 2}
2021-01-24 21:42:36,782 - mange_department.py[line:42] - INFO: url: https://qyapi.weixin.qq.com/cgi-bin/department/update
2021-01-24 21:42:36,782 - mange_department.py[line:43] - INFO: payload:  {'id': 2, 'name': '广州update研发中心', 'name_en': 'RDGZ', 'parentid': 1, 'order': 1}
2021-01-24 21:42:37,394 - mange_department.py[line:42] - INFO: url: https://qyapi.weixin.qq.com/cgi-bin/department/update
2021-01-24 21:42:37,394 - mange_department.py[line:43] - INFO: payload:  {'id': None, 'name': '广州研发中心', 'name_en': 'RDGZ', 'parentid': 1, 'order': 1}
2021-01-24 21:42:37,963 - mange_department.py[line:65] - INFO: url: https://qyapi.weixin.qq.com/cgi-bin/department/list
2021-01-24 21:42:37,963 - mange_department.py[line:66] - INFO: params: {'access_token': 'IYBccmOhsDPPtO1GA9Q0sxiTbQhQ4ILrekzygWeazFtoFQ5v0nCPUx1mUVTmdIkbf5blrDOQwJvyMvotzGsWOpWOqZzOTHTK8Ew8K0QVJh726MScNUjcRwLOs1rWoQEOiAT8uOn52snGI0mUyU069Q9KlsxlgSd63LkDbsS5DmmiNufpffIkL16opiEvwW-5cT2j6y-2_scc476qFliUxg', 'id': 2}
2021-01-24 21:42:38,542 - mange_department.py[line:65] - INFO: url: https://qyapi.weixin.qq.com/cgi-bin/department/list
2021-01-24 21:42:38,543 - mange_department.py[line:66] - INFO: params: {'access_token': 'IYBccmOhsDPPtO1GA9Q0sxiTbQhQ4ILrekzygWeazFtoFQ5v0nCPUx1mUVTmdIkbf5blrDOQwJvyMvotzGsWOpWOqZzOTHTK8Ew8K0QVJh726MScNUjcRwLOs1rWoQEOiAT8uOn52snGI0mUyU069Q9KlsxlgSd63LkDbsS5DmmiNufpffIkL16opiEvwW-5cT2j6y-2_scc476qFliUxg', 'id': 3}
2021-01-24 21:42:39,086 - mange_department.py[line:65] - INFO: url: https://qyapi.weixin.qq.com/cgi-bin/department/list
2021-01-24 21:42:39,087 - mange_department.py[line:66] - INFO: params: {'access_token': 'IYBccmOhsDPPtO1GA9Q0sxiTbQhQ4ILrekzygWeazFtoFQ5v0nCPUx1mUVTmdIkbf5blrDOQwJvyMvotzGsWOpWOqZzOTHTK8Ew8K0QVJh726MScNUjcRwLOs1rWoQEOiAT8uOn52snGI0mUyU069Q9KlsxlgSd63LkDbsS5DmmiNufpffIkL16opiEvwW-5cT2j6y-2_scc476qFliUxg', 'id': ''}
2021-01-24 21:42:39,647 - mange_department.py[line:53] - INFO: url: https://qyapi.weixin.qq.com/cgi-bin/department/delete
2021-01-24 21:42:39,647 - mange_department.py[line:54] - INFO: params: 2
2021-01-24 21:42:40,256 - mange_department.py[line:53] - INFO: url: https://qyapi.weixin.qq.com/cgi-bin/department/delete
2021-01-24 21:42:40,257 - mange_department.py[line:54] - INFO: params: 3
2021-01-24 21:42:40,869 - mange_department.py[line:53] - INFO: url: https://qyapi.weixin.qq.com/cgi-bin/department/delete
2021-01-24 21:42:40,869 - mange_department.py[line:54] - INFO: params: 
