2021-01-24 16:08:21,413 - mange_department.py[line:30] - INFO: url: https://qyapi.weixin.qq.com/cgi-bin/department/create
2021-01-24 16:08:21,414 - mange_department.py[line:31] - INFO: payload:  {'name': '北京研发中心', 'name_en': 'BJGZ', 'parentid': 1, 'order': 2, 'id': 2}
2021-01-24 16:08:22,022 - mange_department.py[line:30] - INFO: url: https://qyapi.weixin.qq.com/cgi-bin/department/create
2021-01-24 16:08:22,022 - mange_department.py[line:31] - INFO: payload:  {'name': '上海研发中心', 'name_en': 'SHGZ', 'parentid': 1, 'order': 3, 'id': 3}
2021-01-24 16:08:22,608 - mange_department.py[line:30] - INFO: url: https://qyapi.weixin.qq.com/cgi-bin/department/create
2021-01-24 16:08:22,608 - mange_department.py[line:31] - INFO: payload:  {'name': '', 'name_en': 'RDGZ', 'parentid': 1, 'order': 1, 'id': 2}
2021-01-24 16:08:23,134 - mange_department.py[line:42] - INFO: url: https://qyapi.weixin.qq.com/cgi-bin/department/update
2021-01-24 16:08:23,134 - mange_department.py[line:43] - INFO: payload:  {'id': 2, 'name': '广州update研发中心', 'name_en': 'RDGZ', 'parentid': 1, 'order': 1}
2021-01-24 16:08:23,716 - mange_department.py[line:42] - INFO: url: https://qyapi.weixin.qq.com/cgi-bin/department/update
2021-01-24 16:08:23,716 - mange_department.py[line:43] - INFO: payload:  {'id': None, 'name': '广州研发中心', 'name_en': 'RDGZ', 'parentid': 1, 'order': 1}
2021-01-24 16:08:24,266 - mange_department.py[line:65] - INFO: url: https://qyapi.weixin.qq.com/cgi-bin/department/list
2021-01-24 16:08:24,266 - mange_department.py[line:66] - INFO: params: {'access_token': 'TQW-Eghlg4iQuyhni54P8ovm5jEEjWIJyyDxU61G_okShjT6vzA67qcPq5-OL4kBP4ng58vpFfnW0lIk6q_OOv4JjHb0k_hF_XuDlk_0n5vIoW-uhEFr-41NTS24PuWNJBS_rTCjTP1A1GjMoVX8gPQZZBKPPb1kPoAwiK_JnYk-FWYTGtpBRu0sTSpw8q4GUNf29fvw7pyRmQNxgcIV3g', 'id': 2}
2021-01-24 16:08:24,821 - mange_department.py[line:65] - INFO: url: https://qyapi.weixin.qq.com/cgi-bin/department/list
2021-01-24 16:08:24,821 - mange_department.py[line:66] - INFO: params: {'access_token': 'TQW-Eghlg4iQuyhni54P8ovm5jEEjWIJyyDxU61G_okShjT6vzA67qcPq5-OL4kBP4ng58vpFfnW0lIk6q_OOv4JjHb0k_hF_XuDlk_0n5vIoW-uhEFr-41NTS24PuWNJBS_rTCjTP1A1GjMoVX8gPQZZBKPPb1kPoAwiK_JnYk-FWYTGtpBRu0sTSpw8q4GUNf29fvw7pyRmQNxgcIV3g', 'id': 3}
2021-01-24 16:08:25,371 - mange_department.py[line:65] - INFO: url: https://qyapi.weixin.qq.com/cgi-bin/department/list
2021-01-24 16:08:25,371 - mange_department.py[line:66] - INFO: params: {'access_token': 'TQW-Eghlg4iQuyhni54P8ovm5jEEjWIJyyDxU61G_okShjT6vzA67qcPq5-OL4kBP4ng58vpFfnW0lIk6q_OOv4JjHb0k_hF_XuDlk_0n5vIoW-uhEFr-41NTS24PuWNJBS_rTCjTP1A1GjMoVX8gPQZZBKPPb1kPoAwiK_JnYk-FWYTGtpBRu0sTSpw8q4GUNf29fvw7pyRmQNxgcIV3g', 'id': ''}
2021-01-24 16:08:25,925 - mange_department.py[line:53] - INFO: url: https://qyapi.weixin.qq.com/cgi-bin/department/delete
2021-01-24 16:08:25,925 - mange_department.py[line:54] - INFO: params: 2
2021-01-24 16:08:26,551 - mange_department.py[line:53] - INFO: url: https://qyapi.weixin.qq.com/cgi-bin/department/delete
2021-01-24 16:08:26,551 - mange_department.py[line:54] - INFO: params: 3
2021-01-24 16:08:27,219 - mange_department.py[line:53] - INFO: url: https://qyapi.weixin.qq.com/cgi-bin/department/delete
2021-01-24 16:08:27,219 - mange_department.py[line:54] - INFO: params: 
